{"timestamp": "2026-01-22T19:38:21.187757", "level": "INFO", "logger": "__main__", "message": "Iniciando WebSecAuditSuite v2.0...", "module": "main", "function": "main", "line": 580}
{"timestamp": "2026-01-22T19:38:21.297523", "level": "INFO", "logger": "__main__", "message": "Registrando plugins...", "module": "main", "function": "_register_plugins", "line": 75}
{"timestamp": "2026-01-22T19:38:21.297902", "level": "INFO", "logger": "core.scanner_engine", "message": "Plugin registrado: Web Crawler", "module": "scanner_engine", "function": "register_plugin", "line": 35}
{"timestamp": "2026-01-22T19:38:21.298137", "level": "INFO", "logger": "core.scanner_engine", "message": "Plugin registrado: SQL Injection Scanner", "module": "scanner_engine", "function": "register_plugin", "line": 35}
{"timestamp": "2026-01-22T19:38:21.298653", "level": "INFO", "logger": "core.scanner_engine", "message": "Plugin registrado: XSS Scanner", "module": "scanner_engine", "function": "register_plugin", "line": 35}
{"timestamp": "2026-01-22T19:38:21.298843", "level": "INFO", "logger": "core.scanner_engine", "message": "Plugin registrado: LFI/RFI Scanner", "module": "scanner_engine", "function": "register_plugin", "line": 35}
{"timestamp": "2026-01-22T19:38:21.298981", "level": "INFO", "logger": "core.scanner_engine", "message": "Plugin registrado: SSRF Scanner", "module": "scanner_engine", "function": "register_plugin", "line": 35}
{"timestamp": "2026-01-22T19:38:21.336119", "level": "INFO", "logger": "plugins.nmap_scanner", "message": "[Nmap] Nmap encontrado en el sistema", "module": "nmap_scanner", "function": "_check_nmap", "line": 44}
{"timestamp": "2026-01-22T19:38:21.336406", "level": "INFO", "logger": "core.scanner_engine", "message": "Plugin registrado: Nmap Vulnerability Scanner", "module": "scanner_engine", "function": "register_plugin", "line": 35}
{"timestamp": "2026-01-22T19:38:21.336559", "level": "INFO", "logger": "core.scanner_engine", "message": "Plugin registrado: Security Headers Analyzer", "module": "scanner_engine", "function": "register_plugin", "line": 35}
{"timestamp": "2026-01-22T19:38:21.336656", "level": "INFO", "logger": "core.scanner_engine", "message": "Plugin registrado: CORS Misconfiguration Scanner", "module": "scanner_engine", "function": "register_plugin", "line": 35}
{"timestamp": "2026-01-22T19:38:21.336794", "level": "INFO", "logger": "core.scanner_engine", "message": "Plugin registrado: API Security Scanner", "module": "scanner_engine", "function": "register_plugin", "line": 35}
{"timestamp": "2026-01-22T19:38:21.337750", "level": "INFO", "logger": "plugins.bypass_403", "message": "[403Bypass] Cargados 352 payloads", "module": "bypass_403", "function": "_load_payloads", "line": 43}
{"timestamp": "2026-01-22T19:38:21.337880", "level": "INFO", "logger": "core.scanner_engine", "message": "Plugin registrado: 403 Bypass Scanner", "module": "scanner_engine", "function": "register_plugin", "line": 35}
{"timestamp": "2026-01-22T19:38:21.338585", "level": "INFO", "logger": "core.scanner_engine", "message": "Plugin registrado: Directory Fuzzer", "module": "scanner_engine", "function": "register_plugin", "line": 35}
{"timestamp": "2026-01-22T19:38:21.338709", "level": "INFO", "logger": "core.scanner_engine", "message": "Plugin registrado: Subdomain Takeover Scanner", "module": "scanner_engine", "function": "register_plugin", "line": 35}
{"timestamp": "2026-01-22T19:38:21.338810", "level": "INFO", "logger": "__main__", "message": "Total plugins registrados: 12", "module": "main", "function": "_register_plugins", "line": 100}
{"timestamp": "2026-01-22T19:39:12.962058", "level": "INFO", "logger": "core.scanner_engine", "message": "Iniciando escaneo de: https://juice-shop.herokuapp.com/", "module": "scanner_engine", "function": "scan", "line": 60}
{"timestamp": "2026-01-22T19:39:12.971388", "level": "INFO", "logger": "core.scanner_engine", "message": "Ejecutando plugin: Web Crawler", "module": "scanner_engine", "function": "scan", "line": 70}
{"timestamp": "2026-01-22T19:39:12.973935", "level": "INFO", "logger": "plugins.crawler", "message": "[Crawler] Iniciando crawling de https://juice-shop.herokuapp.com/", "module": "crawler", "function": "scan", "line": 28}
{"timestamp": "2026-01-22T19:39:13.756040", "level": "INFO", "logger": "plugins.crawler", "message": "[Crawler] Crawling completado. URLs descubiertas: 1", "module": "crawler", "function": "scan", "line": 35}
{"timestamp": "2026-01-22T19:39:13.756441", "level": "INFO", "logger": "plugins.crawler", "message": "[Crawler] URLs con parámetros: 0", "module": "crawler", "function": "scan", "line": 36}
{"timestamp": "2026-01-22T19:39:13.762972", "level": "INFO", "logger": "core.scanner_engine", "message": "Ejecutando plugin: SQL Injection Scanner", "module": "scanner_engine", "function": "scan", "line": 70}
{"timestamp": "2026-01-22T19:39:13.764212", "level": "INFO", "logger": "plugins.sqli_scanner", "message": "[SQLi] Iniciando escaneo en https://juice-shop.herokuapp.com/", "module": "sqli_scanner", "function": "scan", "line": 45}
{"timestamp": "2026-01-22T19:39:13.764465", "level": "INFO", "logger": "plugins.sqli_scanner", "message": "[SQLi] Escaneando 1 URLs...", "module": "sqli_scanner", "function": "scan", "line": 53}
{"timestamp": "2026-01-22T19:39:13.764704", "level": "INFO", "logger": "plugins.sqli_scanner", "message": "[SQLi] Escaneo completado. Vulnerabilidades: 0", "module": "sqli_scanner", "function": "scan", "line": 64}
{"timestamp": "2026-01-22T19:39:13.778553", "level": "INFO", "logger": "core.scanner_engine", "message": "Ejecutando plugin: XSS Scanner", "module": "scanner_engine", "function": "scan", "line": 70}
{"timestamp": "2026-01-22T19:39:13.781254", "level": "INFO", "logger": "plugins.xss_scanner", "message": "[XSS] Iniciando escaneo en https://juice-shop.herokuapp.com/", "module": "xss_scanner", "function": "scan", "line": 50}
{"timestamp": "2026-01-22T19:39:13.781494", "level": "INFO", "logger": "plugins.xss_scanner", "message": "[XSS] No se encontraron parámetros en https://juice-shop.herokuapp.com/", "module": "xss_scanner", "function": "scan", "line": 56}
{"timestamp": "2026-01-22T19:39:13.792200", "level": "INFO", "logger": "core.scanner_engine", "message": "Ejecutando plugin: LFI/RFI Scanner", "module": "scanner_engine", "function": "scan", "line": 70}
{"timestamp": "2026-01-22T19:39:13.794794", "level": "INFO", "logger": "plugins.lfi_scanner", "message": "[LFI] Iniciando escaneo en https://juice-shop.herokuapp.com/", "module": "lfi_scanner", "function": "scan", "line": 90}
{"timestamp": "2026-01-22T19:39:13.795012", "level": "INFO", "logger": "plugins.lfi_scanner", "message": "[LFI] No se encontraron parámetros en https://juice-shop.herokuapp.com/", "module": "lfi_scanner", "function": "scan", "line": 96}
{"timestamp": "2026-01-22T19:39:13.806055", "level": "INFO", "logger": "core.scanner_engine", "message": "Ejecutando plugin: SSRF Scanner", "module": "scanner_engine", "function": "scan", "line": 70}
{"timestamp": "2026-01-22T19:39:13.807080", "level": "INFO", "logger": "plugins.ssrf_scanner", "message": "[SSRF] Iniciando escaneo en https://juice-shop.herokuapp.com/", "module": "ssrf_scanner", "function": "scan", "line": 62}
{"timestamp": "2026-01-22T19:39:13.807284", "level": "INFO", "logger": "plugins.ssrf_scanner", "message": "[SSRF] No se encontraron parámetros en https://juice-shop.herokuapp.com/", "module": "ssrf_scanner", "function": "scan", "line": 68}
{"timestamp": "2026-01-22T19:39:13.815357", "level": "INFO", "logger": "core.scanner_engine", "message": "Ejecutando plugin: Nmap Vulnerability Scanner", "module": "scanner_engine", "function": "scan", "line": 70}
{"timestamp": "2026-01-22T19:39:13.818481", "level": "INFO", "logger": "plugins.nmap_scanner", "message": "[Nmap] Iniciando escaneo de https://juice-shop.herokuapp.com/", "module": "nmap_scanner", "function": "scan", "line": 67}
{"timestamp": "2026-01-22T19:39:13.819390", "level": "INFO", "logger": "plugins.nmap_scanner", "message": "[Nmap] Target IP: 54.220.192.176", "module": "nmap_scanner", "function": "scan", "line": 76}
{"timestamp": "2026-01-22T19:39:13.819614", "level": "INFO", "logger": "plugins.nmap_scanner", "message": "[Nmap] Ejecutando: nmap -sV -v --script=vuln,discovery,http-waf-detect,http-security-headers,ssl-enum-ciphers -Pn -T4 --max-retries 1 --host-timeout 10m -p 21,22,23,25,53,80,110,135,139,143,443,445,465,587,993,995,1433,1521,3306,3389,5432,5900,8080,8443,8888,27017,27018,6379,11211,9200,9300 54.220.192.176 -oN C:\\Users\\R0G3R\\Documents\\Tools\\AuditRF\\data\\reports\\nmap_scan_54_220_192_176.txt", "module": "nmap_scanner", "function": "_run_nmap_scan", "line": 120}
{"timestamp": "2026-01-22T19:39:13.819851", "level": "INFO", "logger": "plugins.nmap_scanner", "message": "[Nmap] Esto puede tomar varios minutos...", "module": "nmap_scanner", "function": "_run_nmap_scan", "line": 121}
{"timestamp": "2026-01-22T19:49:39.350966", "level": "INFO", "logger": "plugins.nmap_scanner", "message": "[Nmap] Reporte guardado en: C:\\Users\\R0G3R\\Documents\\Tools\\AuditRF\\data\\reports\\nmap_scan_54_220_192_176.txt", "module": "nmap_scanner", "function": "_parse_nmap_output", "line": 274}
{"timestamp": "2026-01-22T19:49:39.351308", "level": "INFO", "logger": "plugins.nmap_scanner", "message": "[Nmap] Escaneo completado. Vulnerabilidades: 0", "module": "nmap_scanner", "function": "scan", "line": 81}
{"timestamp": "2026-01-22T19:49:39.366077", "level": "INFO", "logger": "core.scanner_engine", "message": "Ejecutando plugin: Security Headers Analyzer", "module": "scanner_engine", "function": "scan", "line": 70}
{"timestamp": "2026-01-22T19:49:39.372809", "level": "INFO", "logger": "plugins.header_analyzer", "message": "[Headers] Analizando headers de https://juice-shop.herokuapp.com/", "module": "header_analyzer", "function": "scan", "line": 37}
{"timestamp": "2026-01-22T19:49:44.148244", "level": "INFO", "logger": "plugins.base_plugin", "message": "[Security Headers Analyzer] Vulnerabilidad encontrada: HIGH - Header de seguridad faltante: Strict-Transport-Security", "module": "base_plugin", "function": "add_finding", "line": 84}
{"timestamp": "2026-01-22T19:49:44.148885", "level": "INFO", "logger": "plugins.base_plugin", "message": "[Security Headers Analyzer] Vulnerabilidad encontrada: MEDIUM - Header de seguridad faltante: Content-Security-Policy", "module": "base_plugin", "function": "add_finding", "line": 84}
{"timestamp": "2026-01-22T19:49:44.149248", "level": "INFO", "logger": "plugins.base_plugin", "message": "[Security Headers Analyzer] Vulnerabilidad encontrada: MEDIUM - Header de seguridad faltante: X-Frame-Options", "module": "base_plugin", "function": "add_finding", "line": 84}
{"timestamp": "2026-01-22T19:49:44.149539", "level": "INFO", "logger": "plugins.base_plugin", "message": "[Security Headers Analyzer] Vulnerabilidad encontrada: LOW - Header de seguridad faltante: X-Content-Type-Options", "module": "base_plugin", "function": "add_finding", "line": 84}
{"timestamp": "2026-01-22T19:49:44.149903", "level": "INFO", "logger": "plugins.base_plugin", "message": "[Security Headers Analyzer] Vulnerabilidad encontrada: LOW - Header de seguridad faltante: Referrer-Policy", "module": "base_plugin", "function": "add_finding", "line": 84}
{"timestamp": "2026-01-22T19:49:44.150391", "level": "INFO", "logger": "plugins.base_plugin", "message": "[Security Headers Analyzer] Vulnerabilidad encontrada: LOW - Header de seguridad faltante: Permissions-Policy", "module": "base_plugin", "function": "add_finding", "line": 84}
{"timestamp": "2026-01-22T19:49:44.150804", "level": "INFO", "logger": "plugins.base_plugin", "message": "[Security Headers Analyzer] Vulnerabilidad encontrada: LOW - Divulgación de información: Server", "module": "base_plugin", "function": "add_finding", "line": 84}
{"timestamp": "2026-01-22T19:49:44.151155", "level": "INFO", "logger": "plugins.header_analyzer", "message": "[Headers] Análisis completado. Hallazgos: 7", "module": "header_analyzer", "function": "scan", "line": 61}
{"timestamp": "2026-01-22T19:49:44.175796", "level": "INFO", "logger": "core.scanner_engine", "message": "Ejecutando plugin: CORS Misconfiguration Scanner", "module": "scanner_engine", "function": "scan", "line": 70}
{"timestamp": "2026-01-22T19:49:44.178120", "level": "INFO", "logger": "plugins.cors_scanner", "message": "[CORS] Iniciando escaneo en https://juice-shop.herokuapp.com/", "module": "cors_scanner", "function": "scan", "line": 29}
{"timestamp": "2026-01-22T19:50:05.152617", "level": "INFO", "logger": "plugins.cors_scanner", "message": "[CORS] Escaneo completado. Hallazgos: 0", "module": "cors_scanner", "function": "scan", "line": 93}
{"timestamp": "2026-01-22T19:50:05.166930", "level": "INFO", "logger": "core.scanner_engine", "message": "Ejecutando plugin: API Security Scanner", "module": "scanner_engine", "function": "scan", "line": 70}
{"timestamp": "2026-01-22T19:50:05.172296", "level": "INFO", "logger": "plugins.api_security", "message": "[API] Iniciando escaneo de API en https://juice-shop.herokuapp.com/", "module": "api_security", "function": "scan", "line": 29}
{"timestamp": "2026-01-22T19:50:51.296181", "level": "INFO", "logger": "plugins.api_security", "message": "[API] No se encontraron endpoints de API", "module": "api_security", "function": "scan", "line": 37}
{"timestamp": "2026-01-22T19:50:51.307272", "level": "INFO", "logger": "core.scanner_engine", "message": "Ejecutando plugin: 403 Bypass Scanner", "module": "scanner_engine", "function": "scan", "line": 70}
{"timestamp": "2026-01-22T19:50:51.311337", "level": "INFO", "logger": "plugins.bypass_403", "message": "[403Bypass] Iniciando escaneo de bypass en https://juice-shop.herokuapp.com/", "module": "bypass_403", "function": "scan", "line": 105}
{"timestamp": "2026-01-22T19:51:24.855499", "level": "INFO", "logger": "plugins.bypass_403", "message": "[403Bypass] No se encontraron recursos 403 para testear", "module": "bypass_403", "function": "scan", "line": 111}
{"timestamp": "2026-01-22T19:51:24.864102", "level": "INFO", "logger": "core.scanner_engine", "message": "Ejecutando plugin: Directory Fuzzer", "module": "scanner_engine", "function": "scan", "line": 70}
{"timestamp": "2026-01-22T19:51:24.869594", "level": "INFO", "logger": "plugins.directory_fuzzer", "message": "[Fuzzer] Iniciando fuzzing en https://juice-shop.herokuapp.com/", "module": "directory_fuzzer", "function": "scan", "line": 56}
{"timestamp": "2026-01-22T19:51:24.922139", "level": "INFO", "logger": "plugins.directory_fuzzer", "message": "[Fuzzer] Probando 3602 URLs (optimizado)...", "module": "directory_fuzzer", "function": "scan", "line": 77}
{"timestamp": "2026-01-22T19:53:26.102037", "level": "WARNING", "logger": "plugins.directory_fuzzer", "message": "[Fuzzer] Fuzzing timeout alcanzado, finalizando...", "module": "directory_fuzzer", "function": "scan", "line": 96}
{"timestamp": "2026-01-22T19:53:26.102605", "level": "INFO", "logger": "plugins.directory_fuzzer", "message": "[Fuzzer] Fuzzing completado. Hallazgos: 0", "module": "directory_fuzzer", "function": "scan", "line": 98}
{"timestamp": "2026-01-22T19:53:26.121749", "level": "INFO", "logger": "core.scanner_engine", "message": "Ejecutando plugin: Subdomain Takeover Scanner", "module": "scanner_engine", "function": "scan", "line": 70}
{"timestamp": "2026-01-22T19:53:26.125821", "level": "INFO", "logger": "plugins.subdomain_takeover", "message": "[SubdomainTakeover] Iniciando escaneo en https://juice-shop.herokuapp.com/", "module": "subdomain_takeover", "function": "scan", "line": 62}
{"timestamp": "2026-01-22T19:53:30.922988", "level": "INFO", "logger": "plugins.subdomain_takeover", "message": "[SubdomainTakeover] Escaneo completado. Hallazgos: 0", "module": "subdomain_takeover", "function": "scan", "line": 95}
{"timestamp": "2026-01-22T19:53:30.948673", "level": "INFO", "logger": "core.scanner_engine", "message": "Escaneo completado. Vulnerabilidades: 7", "module": "scanner_engine", "function": "scan", "line": 108}
{"timestamp": "2026-01-22T20:00:04.905737", "level": "INFO", "logger": "reports.report_generator", "message": "Reporte generado: C:\\Users\\R0G3R\\Documents\\Tools\\AuditRF\\data\\reports\\audit_report_20260122_140004.html", "module": "report_generator", "function": "generate_report", "line": 261}
